<?xml version="1.0" encoding="UTF-8"?>
<testsuite xmlns:xsi="http://www.w3.org/2001/XMLSchema-instance" xsi:noNamespaceSchemaLocation="https://maven.apache.org/surefire/maven-surefire-plugin/xsd/surefire-test-report-3.0.xsd" version="3.0" name="DocumentPersistenceManagerTest" time="0.038" tests="8" errors="0" skipped="0" failures="0">
  <properties>
[...]
</properties>
  <testcase name="testdeserialization" classname="DocumentPersistenceManagerTest" time="0.006"/>
  <testcase name="testdeserializationfromdirectory" classname="DocumentPersistenceManagerTest" time="0.006"/>
  <testcase name="testdeserializationasexpected" classname="DocumentPersistenceManagerTest" time="0.001"/>
  <testcase name="testfiledeletion" classname="DocumentPersistenceManagerTest" time="0.004"/>
  <testcase name="stagebTestDeserialization" classname="DocumentPersistenceManagerTest" time="0.009"/>
  <testcase name="stagebTestSerializationContent" classname="DocumentPersistenceManagerTest" time="0.005">
    <system-err><![CDATA[TestUtils.urlToFile file path: /var/folders/sk/fk84zjrx5mgbd40f2x_kyhjm0000gn/T/stage612966857451797713986/edu.yu.cs/com1320/project/doc1.json
TestUtils.getContents file path: /var/folders/sk/fk84zjrx5mgbd40f2x_kyhjm0000gn/T/stage612966857451797713986/edu.yu.cs/com1320/project/doc1.json
TestUtils.urlToFile file path: /var/folders/sk/fk84zjrx5mgbd40f2x_kyhjm0000gn/T/stage612966857451797713986/edu.yu.cs/com1320/project/doc2.json
TestUtils.getContents file path: /var/folders/sk/fk84zjrx5mgbd40f2x_kyhjm0000gn/T/stage612966857451797713986/edu.yu.cs/com1320/project/doc2.json
TestUtils.urlToFile file path: /var/folders/sk/fk84zjrx5mgbd40f2x_kyhjm0000gn/T/stage612966857451797713986/cs.nyu.edu/datastructs/project/doc2.json
TestUtils.getContents file path: /var/folders/sk/fk84zjrx5mgbd40f2x_kyhjm0000gn/T/stage612966857451797713986/cs.nyu.edu/datastructs/project/doc2.json
]]></system-err>
  </testcase>
  <testcase name="testserialization" classname="DocumentPersistenceManagerTest" time="0.001"/>
  <testcase name="testserializefromdirectory" classname="DocumentPersistenceManagerTest" time="0.003"/>
</testsuite>